[04/18/19 23:02:55]: /bigdata/operations/pkgadmin/opt/linux/centos/7.x/x86_64/pkgs/funannotate/1.5.2-30c1166/bin/funannotate-predict.py -s Aspergillus terreus --cpus 24 --keep_no_stops --busco_db ascomycota_odb9 --strain AT1140 -i AT1140.masked.fasta --name AT1140_ --protein_evidence ../resources/informant_proteins.aa --transcript_evidence ../resources/Eurotiales.mRNA.fasta -o funannot --ploidy 1 --SeqCenter USC --genemark_gtf genemark.gtf

[04/18/19 23:02:55]: OS: linux2, 64 cores, ~ 528 GB RAM. Python: 2.7.12
[04/18/19 23:02:55]: Running funannotate v1.5.2
[04/18/19 23:03:00]: AUGUSTUS (3.3) detected, version seems to be compatible with BRAKER and BUSCO
[04/18/19 23:03:00]: Loading genome assembly and parsing soft-masked repetitive sequences
[04/18/19 23:03:03]: Genome loaded: 242 scaffolds; 35,582,730 bp; 5.93% repeats masked
[04/18/19 23:03:04]: Aligning transcript evidence to genome with minimap2
[04/18/19 23:03:04]: /bigdata/operations/pkgadmin/opt/linux/centos/7.x/x86_64/pkgs/funannotate/1.5.2-30c1166/util/sam2bam.sh minimap2 -ax splice -t 24 --cs -u b -G 3000 /bigdata/stajichlab/romsdahl/Eva_more/A_terreus_IMV1140/annotation/annotation_AT1140/funannot/predict_misc/genome.softmasked.fa funannot/predict_misc/transcripts.combined.fa 4 funannot/predict_misc/transcripts.minimap2.bam
[04/18/19 23:04:11]: [M::mm_idx_gen::2.141*1.00] collected minimizers
[M::mm_idx_gen::2.652*1.70] sorted minimizers
[M::main::2.652*1.70] loaded/built the index for 242 target sequence(s)
[M::mm_mapopt_update::2.815*1.66] mid_occ = 16
[M::mm_idx_stat] kmer size: 15; skip: 5; is_hpc: 0; #seq: 242
[M::mm_idx_stat::2.936*1.64] distinct minimizers: 11346288 (95.40% are singletons); average occurrences: 1.068; average spacing: 2.936
[M::worker_pipeline::54.666*15.84] mapped 309235 sequences
[M::main] Version: 2.10-r761
[M::main] CMD: minimap2 -ax splice -t 24 --cs -u b -G 3000 /bigdata/stajichlab/romsdahl/Eva_more/A_terreus_IMV1140/annotation/annotation_AT1140/funannot/predict_misc/genome.softmasked.fa funannot/predict_misc/transcripts.combined.fa
[M::main] Real time: 54.826 sec; CPU: 866.321 sec
[bam_sort_core] merging from 0 files and 4 in-memory blocks...

[04/18/19 23:07:20]: Found 13,323 alignments, wrote GFF3 and Augustus hints to file
[04/18/19 23:07:38]: Mapping proteins to genome using Diamond blastx/Exonerate
[04/19/19 00:15:34]: join_mult_hints.pl
[04/19/19 00:15:35]: /bigdata/operations/pkgadmin/opt/linux/centos/7.x/x86_64/pkgs/funannotate/1.5.2-30c1166/util/genemark_gtf2gff3.pl genemark.gtf
[04/19/19 00:15:36]: perl /opt/linux/centos/7.x/x86_64/pkgs/EVM/1.1.1-live/EvmUtils/misc/augustus_GFF3_to_EVM_GFF3.pl funannot/predict_misc/genemark.gff
[04/19/19 00:15:39]: Running BUSCO to find conserved gene models for training Augustus
[04/19/19 00:28:25]: 1,299 valid BUSCO predictions found, now formatting for EVM
[04/19/19 00:30:02]: /bigdata/operations/pkgadmin/opt/linux/centos/7.x/x86_64/pkgs/funannotate/1.5.2-30c1166/util/fix_busco_naming.py funannot/predict_misc/busco_augustus.tmp funannot/predict_misc/busco/run_aspergillus_terreus_at1140/full_table_aspergillus_terreus_at1140.tsv funannot/predict_misc/busco_augustus.gff3
[04/19/19 00:30:02]: bedtools intersect -a funannot/predict_misc/genemark.evm.gff3 -b funannot/predict_misc/buscos.bed
[04/19/19 00:30:02]: bedtools intersect -a /bigdata/stajichlab/romsdahl/Eva_more/A_terreus_IMV1140/annotation/annotation_AT1140/funannot/predict_misc/transcript_alignments.gff3 -b funannot/predict_misc/buscos.bed
[04/19/19 00:30:02]: bedtools intersect -a /bigdata/stajichlab/romsdahl/Eva_more/A_terreus_IMV1140/annotation/annotation_AT1140/funannot/predict_misc/protein_alignments.gff3 -b funannot/predict_misc/buscos.bed
[04/19/19 00:31:45]: 1,286 total gene models from EVM
[04/19/19 00:31:45]: Checking BUSCO protein models for accuracy
[04/19/19 00:31:45]: /opt/linux/centos/7.x/x86_64/pkgs/EVM/1.1.1-live/EvmUtils/gff3_file_to_proteins.pl /bigdata/stajichlab/romsdahl/Eva_more/A_terreus_IMV1140/annotation/annotation_AT1140/funannot/predict_misc/busco.evm.gff3 /bigdata/stajichlab/romsdahl/Eva_more/A_terreus_IMV1140/annotation/annotation_AT1140/funannot/predict_misc/genome.softmasked.fa
[04/19/19 00:32:27]: 1,283 gene models validated, using for training Augustus
[04/19/19 00:32:27]: Training Augustus using BUSCO gene models
[04/19/19 00:32:27]: gff2gbSmallDNA.pl funannot/predict_misc/busco.final.gff3 /bigdata/stajichlab/romsdahl/Eva_more/A_terreus_IMV1140/annotation/annotation_AT1140/funannot/predict_misc/genome.softmasked.fa 600 funannot/predict_misc/busco.training.gb
[04/19/19 00:32:52]: Augustus initial training results (specificity/sensitivity):
nucleotides (97.4%/96.4%); exons (87.0%/85.0%); genes (72.7%/64.1%).
[04/19/19 00:32:52]: Running Augustus gene prediction
[04/19/19 00:36:01]: perl /opt/linux/centos/7.x/x86_64/pkgs/EVM/1.1.1-live/EvmUtils/misc/augustus_GFF3_to_EVM_GFF3.pl funannot/predict_misc/augustus.gff3
[04/19/19 00:36:04]: Pulling out high quality Augustus predictions
[04/19/19 00:36:05]: Found 350 high quality predictions from Augustus (>90% exon evidence)
[04/19/19 00:36:06]: Summary of gene models: {'genemark': 9181, 'hiq': 350, 'total': 19386, 'pasa': 0, 'augustus': 9855}
[04/19/19 00:36:06]: EVM Weights: {'genemark': '1', 'hiq': '2', 'augustus': '1'}
[04/19/19 00:36:06]: Summary of gene models passed to EVM (weights):
-------------------------------------------------------
[04/19/19 00:36:06]: Launching EVM via funannotate-runEVM.py
[04/19/19 00:41:35]: 11,052 total gene models from EVM
[04/19/19 00:41:35]: Generating protein fasta files from 11,052 EVM models
[04/19/19 00:41:49]: now filtering out bad gene models (< 50 aa in length, transposable elements, etc).
[04/19/19 00:41:49]: diamond blastp --sensitive --query funannot/predict_misc/evm.round1.proteins.fa --threads 24 --out funannot/predict_misc/repeats.xml --db /opt/linux/centos/7.x/x86_64/pkgs/funannotate/share/repeats.dmnd --evalue 1e-10 --max-target-seqs 1 --outfmt 5
[04/19/19 00:41:59]: diamond v0.9.22.123 | by Benjamin Buchfink <buchfink@gmail.com>
Licensed under the GNU AGPL <https://www.gnu.org/licenses/agpl.txt>
Check http://github.com/bbuchfink/diamond for updates.

#CPU threads: 24
Scoring parameters: (Matrix=BLOSUM62 Lambda=0.267 K=0.041 Penalties=11/1)
Temporary directory: funannot/predict_misc
Opening the database...  [0.03086s]
#Target sequences to report alignments for: 1
Opening the input file...  [0.000277s]
Opening the output file...  [0.000279s]
Loading query sequences...  [0.037628s]
Masking queries...  [0.174268s]
Building query seed set...  [0.000493s]
Algorithm: Double-indexed
Building query histograms...  [0.310983s]
Allocating buffers...  [0.002009s]
Loading reference sequences...  [0.03524s]
Building reference histograms...  [0.311815s]
Allocating buffers...  [0.001973s]
Initializing temporary storage...  [0.157017s]
Processing query chunk 0, reference chunk 0, shape 0, index chunk 0.
Building reference index...  [0.060197s]
Building query index...  [0.033646s]
Building seed filter...  [0.008307s]
Searching alignments...  [0.026146s]
Processing query chunk 0, reference chunk 0, shape 0, index chunk 1.
Building reference index...  [0.060064s]
Building query index...  [0.035553s]
Building seed filter...  [0.007908s]
Searching alignments...  [0.022479s]
Processing query chunk 0, reference chunk 0, shape 0, index chunk 2.
Building reference index...  [0.06891s]
Building query index...  [0.03315s]
Building seed filter...  [0.007449s]
Searching alignments...  [0.023998s]
Processing query chunk 0, reference chunk 0, shape 0, index chunk 3.
Building reference index...  [0.057508s]
Building query index...  [0.032188s]
Building seed filter...  [0.007044s]
Searching alignments...  [0.018242s]
Processing query chunk 0, reference chunk 0, shape 1, index chunk 0.
Building reference index...  [0.052824s]
Building query index...  [0.027343s]
Building seed filter...  [0.009434s]
Searching alignments...  [0.021581s]
Processing query chunk 0, reference chunk 0, shape 1, index chunk 1.
Building reference index...  [0.071081s]
Building query index...  [0.031195s]
Building seed filter...  [0.008014s]
Searching alignments...  [0.022566s]
Processing query chunk 0, reference chunk 0, shape 1, index chunk 2.
Building reference index...  [0.064459s]
Building query index...  [0.033391s]
Building seed filter...  [0.00712s]
Searching alignments...  [0.022389s]
Processing query chunk 0, reference chunk 0, shape 1, index chunk 3.
Building reference index...  [0.058777s]
Building query index...  [0.039057s]
Building seed filter...  [0.008054s]
Searching alignments...  [0.023506s]
Processing query chunk 0, reference chunk 0, shape 2, index chunk 0.
Building reference index...  [0.064782s]
Building query index...  [0.035254s]
Building seed filter...  [0.008532s]
Searching alignments...  [0.022715s]
Processing query chunk 0, reference chunk 0, shape 2, index chunk 1.
Building reference index...  [0.071482s]
Building query index...  [0.032502s]
Building seed filter...  [0.008826s]
Searching alignments...  [0.023039s]
Processing query chunk 0, reference chunk 0, shape 2, index chunk 2.
Building reference index...  [0.089211s]
Building query index...  [0.052327s]
Building seed filter...  [0.010954s]
Searching alignments...  [0.033844s]
Processing query chunk 0, reference chunk 0, shape 2, index chunk 3.
Building reference index...  [0.121951s]
Building query index...  [0.069353s]
Building seed filter...  [0.015628s]
Searching alignments...  [0.021895s]
Processing query chunk 0, reference chunk 0, shape 3, index chunk 0.
Building reference index...  [0.055906s]
Building query index...  [0.031163s]
Building seed filter...  [0.007995s]
Searching alignments...  [0.018556s]
Processing query chunk 0, reference chunk 0, shape 3, index chunk 1.
Building reference index...  [0.070624s]
Building query index...  [0.037171s]
Building seed filter...  [0.007882s]
Searching alignments...  [0.02112s]
Processing query chunk 0, reference chunk 0, shape 3, index chunk 2.
Building reference index...  [0.071169s]
Building query index...  [0.038313s]
Building seed filter...  [0.006594s]
Searching alignments...  [0.016989s]
Processing query chunk 0, reference chunk 0, shape 3, index chunk 3.
Building reference index...  [0.048961s]
Building query index...  [0.039614s]
Building seed filter...  [0.007846s]
Searching alignments...  [0.017389s]
Processing query chunk 0, reference chunk 0, shape 4, index chunk 0.
Building reference index...  [0.056s]
Building query index...  [0.02878s]
Building seed filter...  [0.011886s]
Searching alignments...  [0.018319s]
Processing query chunk 0, reference chunk 0, shape 4, index chunk 1.
Building reference index...  [0.084599s]
Building query index...  [0.052218s]
Building seed filter...  [0.007345s]
Searching alignments...  [0.018415s]
Processing query chunk 0, reference chunk 0, shape 4, index chunk 2.
Building reference index...  [0.062684s]
Building query index...  [0.02796s]
Building seed filter...  [0.007179s]
Searching alignments...  [0.018309s]
Processing query chunk 0, reference chunk 0, shape 4, index chunk 3.
Building reference index...  [0.063476s]
Building query index...  [0.028827s]
Building seed filter...  [0.007379s]
Searching alignments...  [0.02324s]
Processing query chunk 0, reference chunk 0, shape 5, index chunk 0.
Building reference index...  [0.057683s]
Building query index...  [0.032188s]
Building seed filter...  [0.008607s]
Searching alignments...  [0.023432s]
Processing query chunk 0, reference chunk 0, shape 5, index chunk 1.
Building reference index...  [0.061609s]
Building query index...  [0.034705s]
Building seed filter...  [0.009202s]
Searching alignments...  [0.022372s]
Processing query chunk 0, reference chunk 0, shape 5, index chunk 2.
Building reference index...  [0.055727s]
Building query index...  [0.036684s]
Building seed filter...  [0.007772s]
Searching alignments...  [0.023141s]
Processing query chunk 0, reference chunk 0, shape 5, index chunk 3.
Building reference index...  [0.067438s]
Building query index...  [0.03422s]
Building seed filter...  [0.007802s]
Searching alignments...  [0.018202s]
Processing query chunk 0, reference chunk 0, shape 6, index chunk 0.
Building reference index...  [0.05354s]
Building query index...  [0.028919s]
Building seed filter...  [0.007501s]
Searching alignments...  [0.021648s]
Processing query chunk 0, reference chunk 0, shape 6, index chunk 1.
Building reference index...  [0.074669s]
Building query index...  [0.033835s]
Building seed filter...  [0.007115s]
Searching alignments...  [0.01745s]
Processing query chunk 0, reference chunk 0, shape 6, index chunk 2.
Building reference index...  [0.06845s]
Building query index...  [0.036898s]
Building seed filter...  [0.00915s]
Searching alignments...  [0.022685s]
Processing query chunk 0, reference chunk 0, shape 6, index chunk 3.
Building reference index...  [0.053592s]
Building query index...  [0.035756s]
Building seed filter...  [0.00739s]
Searching alignments...  [0.023285s]
Processing query chunk 0, reference chunk 0, shape 7, index chunk 0.
Building reference index...  [0.060527s]
Building query index...  [0.043171s]
Building seed filter...  [0.008131s]
Searching alignments...  [0.017454s]
Processing query chunk 0, reference chunk 0, shape 7, index chunk 1.
Building reference index...  [0.108367s]
Building query index...  [0.048458s]
Building seed filter...  [0.009675s]
Searching alignments...  [0.020315s]
Processing query chunk 0, reference chunk 0, shape 7, index chunk 2.
Building reference index...  [0.098525s]
Building query index...  [0.059025s]
Building seed filter...  [0.009038s]
Searching alignments...  [0.017195s]
Processing query chunk 0, reference chunk 0, shape 7, index chunk 3.
Building reference index...  [0.059442s]
Building query index...  [0.037537s]
Building seed filter...  [0.006969s]
Searching alignments...  [0.01842s]
Processing query chunk 0, reference chunk 0, shape 8, index chunk 0.
Building reference index...  [0.066629s]
Building query index...  [0.036177s]
Building seed filter...  [0.009284s]
Searching alignments...  [0.021933s]
Processing query chunk 0, reference chunk 0, shape 8, index chunk 1.
Building reference index...  [0.065482s]
Building query index...  [0.039778s]
Building seed filter...  [0.0074s]
Searching alignments...  [0.021672s]
Processing query chunk 0, reference chunk 0, shape 8, index chunk 2.
Building reference index...  [0.062246s]
Building query index...  [0.042724s]
Building seed filter...  [0.008296s]
Searching alignments...  [0.022711s]
Processing query chunk 0, reference chunk 0, shape 8, index chunk 3.
Building reference index...  [0.060152s]
Building query index...  [0.045069s]
Building seed filter...  [0.007151s]
Searching alignments...  [0.01788s]
Processing query chunk 0, reference chunk 0, shape 9, index chunk 0.
Building reference index...  [0.068892s]
Building query index...  [0.038786s]
Building seed filter...  [0.006357s]
Searching alignments...  [0.020865s]
Processing query chunk 0, reference chunk 0, shape 9, index chunk 1.
Building reference index...  [0.071796s]
Building query index...  [0.048194s]
Building seed filter...  [0.007649s]
Searching alignments...  [0.016943s]
Processing query chunk 0, reference chunk 0, shape 9, index chunk 2.
Building reference index...  [0.082636s]
Building query index...  [0.039576s]
Building seed filter...  [0.007341s]
Searching alignments...  [0.022401s]
Processing query chunk 0, reference chunk 0, shape 9, index chunk 3.
Building reference index...  [0.049725s]
Building query index...  [0.031748s]
Building seed filter...  [0.006927s]
Searching alignments...  [0.019032s]
Processing query chunk 0, reference chunk 0, shape 10, index chunk 0.
Building reference index...  [0.067658s]
Building query index...  [0.02642s]
Building seed filter...  [0.009529s]
Searching alignments...  [0.021737s]
Processing query chunk 0, reference chunk 0, shape 10, index chunk 1.
Building reference index...  [0.051672s]
Building query index...  [0.032823s]
Building seed filter...  [0.009197s]
Searching alignments...  [0.02239s]
Processing query chunk 0, reference chunk 0, shape 10, index chunk 2.
Building reference index...  [0.063256s]
Building query index...  [0.035167s]
Building seed filter...  [0.011682s]
Searching alignments...  [0.017563s]
Processing query chunk 0, reference chunk 0, shape 10, index chunk 3.
Building reference index...  [0.078533s]
Building query index...  [0.0311s]
Building seed filter...  [0.006411s]
Searching alignments...  [0.018422s]
Processing query chunk 0, reference chunk 0, shape 11, index chunk 0.
Building reference index...  [0.056048s]
Building query index...  [0.035737s]
Building seed filter...  [0.009329s]
Searching alignments...  [0.02166s]
Processing query chunk 0, reference chunk 0, shape 11, index chunk 1.
Building reference index...  [0.078853s]
Building query index...  [0.041036s]
Building seed filter...  [0.008134s]
Searching alignments...  [0.02236s]
Processing query chunk 0, reference chunk 0, shape 11, index chunk 2.
Building reference index...  [0.04968s]
Building query index...  [0.038115s]
Building seed filter...  [0.007709s]
Searching alignments...  [0.01702s]
Processing query chunk 0, reference chunk 0, shape 11, index chunk 3.
Building reference index...  [0.056277s]
Building query index...  [0.034486s]
Building seed filter...  [0.008472s]
Searching alignments...  [0.017934s]
Processing query chunk 0, reference chunk 0, shape 12, index chunk 0.
Building reference index...  [0.085609s]
Building query index...  [0.061829s]
Building seed filter...  [0.007724s]
Searching alignments...  [0.021441s]
Processing query chunk 0, reference chunk 0, shape 12, index chunk 1.
Building reference index...  [0.067996s]
Building query index...  [0.037088s]
Building seed filter...  [0.007554s]
Searching alignments...  [0.022286s]
Processing query chunk 0, reference chunk 0, shape 12, index chunk 2.
Building reference index...  [0.071195s]
Building query index...  [0.03637s]
Building seed filter...  [0.007108s]
Searching alignments...  [0.017309s]
Processing query chunk 0, reference chunk 0, shape 12, index chunk 3.
Building reference index...  [0.058041s]
Building query index...  [0.061379s]
Building seed filter...  [0.00842s]
Searching alignments...  [0.018117s]
Processing query chunk 0, reference chunk 0, shape 13, index chunk 0.
Building reference index...  [0.070827s]
Building query index...  [0.028755s]
Building seed filter...  [0.007704s]
Searching alignments...  [0.021527s]
Processing query chunk 0, reference chunk 0, shape 13, index chunk 1.
Building reference index...  [0.052729s]
Building query index...  [0.034766s]
Building seed filter...  [0.007649s]
Searching alignments...  [0.022093s]
Processing query chunk 0, reference chunk 0, shape 13, index chunk 2.
Building reference index...  [0.06292s]
Building query index...  [0.031338s]
Building seed filter...  [0.008452s]
Searching alignments...  [0.017412s]
Processing query chunk 0, reference chunk 0, shape 13, index chunk 3.
Building reference index...  [0.073915s]
Building query index...  [0.033894s]
Building seed filter...  [0.008703s]
Searching alignments...  [0.02378s]
Processing query chunk 0, reference chunk 0, shape 14, index chunk 0.
Building reference index...  [0.057554s]
Building query index...  [0.028239s]
Building seed filter...  [0.00745s]
Searching alignments...  [0.022034s]
Processing query chunk 0, reference chunk 0, shape 14, index chunk 1.
Building reference index...  [0.064232s]
Building query index...  [0.03077s]
Building seed filter...  [0.008979s]
Searching alignments...  [0.019949s]
Processing query chunk 0, reference chunk 0, shape 14, index chunk 2.
Building reference index...  [0.065551s]
Building query index...  [0.038863s]
Building seed filter...  [0.007034s]
Searching alignments...  [0.022124s]
Processing query chunk 0, reference chunk 0, shape 14, index chunk 3.
Building reference index...  [0.050643s]
Building query index...  [0.026195s]
Building seed filter...  [0.007662s]
Searching alignments...  [0.02348s]
Processing query chunk 0, reference chunk 0, shape 15, index chunk 0.
Building reference index...  [0.060153s]
Building query index...  [0.02698s]
Building seed filter...  [0.007292s]
Searching alignments...  [0.017108s]
Processing query chunk 0, reference chunk 0, shape 15, index chunk 1.
Building reference index...  [0.070464s]
Building query index...  [0.035912s]
Building seed filter...  [0.009417s]
Searching alignments...  [0.016811s]
Processing query chunk 0, reference chunk 0, shape 15, index chunk 2.
Building reference index...  [0.097491s]
Building query index...  [0.036553s]
Building seed filter...  [0.006425s]
Searching alignments...  [0.01729s]
Processing query chunk 0, reference chunk 0, shape 15, index chunk 3.
Building reference index...  [0.052707s]
Building query index...  [0.029117s]
Building seed filter...  [0.007054s]
Searching alignments...  [0.017067s]
Deallocating buffers...  [0.000814s]
Computing alignments...  [0.255203s]
Deallocating reference...  [0.000561s]
Loading reference sequences...  [0.000175s]
Deallocating buffers...  [0.000664s]
Deallocating queries...  [0.000557s]
Loading query sequences...  [1.9e-05s]
Closing the input file...  [2.7e-05s]
Closing the output file...  [0.000659s]
Closing the database file...  [5.1e-05s]
Deallocating taxonomy...  [3e-06s]
Total time = 9.8225s
Reported 27 pairwise alignments, 27 HSPs.
27 queries aligned.

[04/19/19 00:42:01]: bedtools intersect -f 0.9 -a /bigdata/stajichlab/romsdahl/Eva_more/A_terreus_IMV1140/annotation/annotation_AT1140/funannot/predict_misc/evm.round1.gff3 -b /bigdata/stajichlab/romsdahl/Eva_more/A_terreus_IMV1140/annotation/annotation_AT1140/funannot/predict_misc/repeatmasker.bed
[04/19/19 00:42:01]: Found 35 gene models to remove: 5 too short; 0 span gaps; 30 transposable elements
[04/19/19 00:42:02]: 11,017 gene models remaining
[04/19/19 00:42:02]: Predicting tRNAs
[04/19/19 00:42:02]: tRNAscan-SE -o funannot/predict_misc/tRNAscan.out /bigdata/stajichlab/romsdahl/Eva_more/A_terreus_IMV1140/annotation/annotation_AT1140/funannot/predict_misc/genome.softmasked.fa
[04/19/19 00:43:24]: 
tRNAscan-SE v.1.3.1 (January 2012) - scan sequences for transfer RNAs

  Please cite: 
	Lowe, T.M. & Eddy, S.R. (1997) "tRNAscan-SE: A program for
	improved detection of transfer RNA genes in genomic sequence"
	Nucl. Acids Res. 25: 955-964.

  This program uses a modified, optimized version of tRNAscan v1.3
  (Fichant & Burks, J. Mol. Biol. 1991, 220: 659-671),
  a new implementation of a multistep weight matrix algorithm
  for identification of eukaryotic tRNA promoter regions
  (Pavesi et al., Nucl. Acids Res. 1994, 22: 1247-1256),
  as well as the RNA covariance analysis package Cove v.2.4.2
  (Eddy & Durbin, Nucl. Acids Res. 1994, 22: 2079-2088).

------------------------------------------------------------
Sequence file(s) to search:  /bigdata/stajichlab/romsdahl/Eva_more/A_terreus_IMV1140/annotation/annotation_AT1140/funannot/predict_misc/genome.softmasked.fa
Search Mode:                 Eukaryotic
Results written to:          funannot/predict_misc/tRNAscan.out
Output format:               Tabular
Searching with:              tRNAscan + EufindtRNA -> Cove
Covariance model:            TRNA2-euk.cm
tRNAscan parameters:         Strict
EufindtRNA parameters:       Relaxed (Int Cutoff= -32.1)
Search log saved in:         
------------------------------------------------------------


[04/19/19 00:43:25]: Found 217 tRNA gene models
[04/19/19 00:43:25]: bedtools intersect -v -a funannot/predict_misc/trnascan.gff3 -b funannot/predict_misc/evm.cleaned.gff3
[04/19/19 00:43:25]: 210 tRNAscan models are valid (non-overlapping)
[04/19/19 00:43:25]: Generating GenBank tbl annotation file
[04/19/19 00:43:46]: Converting to final Genbank format
[04/19/19 00:43:47]: tbl2asn -y "Annotated using funannotate v1.5.2" -N 1 -t /bigdata/operations/pkgadmin/opt/linux/centos/7.x/x86_64/pkgs/funannotate/1.5.2-30c1166/lib/test.sbt -M n -j "[organism=Aspergillus terreus] [strain=AT1140]" -V b -c fx -T -a r10u -l paired-ends -Z funannot/predict_misc/tbl2asn/1/discrepency.report.txt -p funannot/predict_misc/tbl2asn/1
[04/19/19 00:45:18]: [tbl2asn] Flatfile genome

[tbl2asn] Validating genome


[04/19/19 00:45:35]: Collecting final annotation files for 11,227 total gene models
[04/19/19 00:45:35]: Funannotate predict is finished, output files are in the funannot/predict_results folder
[04/19/19 00:45:35]: Your next step might be functional annotation, suggested commands:
-------------------------------------------------------
Run InterProScan (Docker required): 
funannotate iprscan -i funannot -m docker -c 24

Run antiSMASH: 
funannotate remote -i funannot -m antismash -e youremail@server.edu

Annotate Genome: 
funannotate annotate -i funannot --cpus 24 --sbt yourSBTfile.txt
-------------------------------------------------------
            
